abiword						install
abiword-common					install
abiword-plugin-grammar				install
abiword-plugin-mathview				install
accountsservice					install
acl						install
acpi-support					install
acpid						install
adduser						install
alex						install
alsa-base					install
alsa-utils					install
anacron						install
app-install-data				install
app-install-data-partner			install
apparmor					install
apport						install
apport-gtk					install
apport-symptoms					install
apt						install
apt-offline					install
apt-transport-https				install
apt-utils					install
apt-xapian-index				install
aptdaemon					install
aptdaemon-data					install
aptitude					install
aptitude-common					install
aspell						install
aspell-en					install
at-spi2-core					install
aufs-tools					install
augeas-lenses					install
autoconf					install
automake					install
autotools-dev					install
avahi-autoipd					install
avahi-daemon					install
avahi-utils					install
base-files					install
base-passwd					install
bash						install
bash-completion					install
bc						install
bind9-host					install
binfmt-support					install
binutils					install
bison						install
bleachbit					deinstall
blueman						install
bluez						install
bluez-alsa:amd64				install
bluez-cups					install
bridge-utils					install
brltty						install
brltty-x11					install
browser-plugin-vlc				install
bsd-mailx					deinstall
bsdmainutils					install
bsdutils					install
bsh						deinstall
build-essential					install
busybox-initramfs				install
busybox-static					install
bzip2						install
ca-certificates					install
cabal-install					install
catfish						install
cgroup-lite					install
clang-3.5					install
clojure1.2					deinstall
clojure1.4					deinstall
cmake						install
cmake-data					install
colord						install
comerr-dev					install
command-not-found				install
command-not-found-data				install
console-setup					install
coreutils					install
cpio						install
cpp						install
cpp-4.8						install
crda						install
cron						install
cups						install
cups-browsed					install
cups-bsd					install
cups-client					install
cups-common					install
cups-core-drivers				install
cups-daemon					install
cups-filters					install
cups-filters-core-drivers			install
cups-ppdc					install
cups-server-common				install
curl						install
dash						install
dbeaver						install
dbus						install
dbus-x11					install
dc						install
dconf-gsettings-backend:amd64			install
dconf-service					install
debconf						install
debconf-i18n					install
debhelper					install
debianutils					install
desktop-base					install
desktop-file-utils				install
dh-apparmor					install
dh-python					install
dialog						install
dictionaries-common				install
diffstat					install
diffutils					install
dkms						install
dmidecode					install
dmsetup						install
dmz-cursor-theme				install
dnsmasq-base					install
dnsutils					install
doc-base					install
docker-engine					install
docutils-common					install
dosfstools					install
dpkg						install
dpkg-dev					install
dunst						install
e2fslibs:amd64					install
e2fsprogs					install
ebtables					install
ed						install
eject						install
elixir						install
emacs24						install
emacs24-bin-common				install
emacs24-common					install
emacs24-common-non-dfsg				install
emacs24-el					install
emacsen-common					install
enchant						install
erlang						install
erlang-appmon					install
erlang-asn1					install
erlang-base					install
erlang-common-test				install
erlang-corba					install
erlang-crypto					install
erlang-debugger					install
erlang-dev					install
erlang-dialyzer					install
erlang-diameter					install
erlang-doc					install
erlang-edoc					install
erlang-eldap					install
erlang-erl-docgen				install
erlang-et					install
erlang-eunit					install
erlang-examples					install
erlang-gs					install
erlang-ic					install
erlang-ic-java					install
erlang-inets					install
erlang-inviso					install
erlang-jinterface				install
erlang-manpages					install
erlang-megaco					install
erlang-mnesia					install
erlang-mode					install
erlang-observer					install
erlang-odbc					install
erlang-os-mon					install
erlang-parsetools				install
erlang-percept					install
erlang-pman					install
erlang-public-key				install
erlang-reltool					install
erlang-runtime-tools				install
erlang-snmp					install
erlang-solutions				install
erlang-src					install
erlang-ssh					install
erlang-ssl					install
erlang-syntax-tools				install
erlang-test-server				install
erlang-toolbar					install
erlang-tools					install
erlang-tv					install
erlang-typer					install
erlang-webtool					install
erlang-wx					install
erlang-xmerl					install
espeak						install
espeak-data:amd64				install
ethtool						install
everpad						install
evince						install
evince-common					install
evolution-data-server-common			install
exo-utils					install
fakeroot					install
file						install
file-roller					install
findutils					install
firefox						install
firefox-locale-en				install
fontconfig					install
fontconfig-config				install
fonts-dejavu-core				install
fonts-droid					install
fonts-freefont-ttf				install
fonts-kacst					install
fonts-kacst-one					install
fonts-khmeros-core				install
fonts-lao					install
fonts-liberation				install
fonts-lklug-sinhala				install
fonts-lyx					install
fonts-mathjax					install
fonts-nanum					install
fonts-opensymbol				install
fonts-sil-abyssinica				install
fonts-sil-padauk				install
fonts-takao-pgothic				install
fonts-thai-tlwg					install
fonts-tibetan-machine				install
fonts-tlwg-garuda				install
fonts-tlwg-kinnari				install
fonts-tlwg-loma					install
fonts-tlwg-mono					install
fonts-tlwg-norasi				install
fonts-tlwg-purisa				install
fonts-tlwg-sawasdee				install
fonts-tlwg-typewriter				install
fonts-tlwg-typist				install
fonts-tlwg-typo					install
fonts-tlwg-umpush				install
fonts-tlwg-waree				install
foomatic-db-compressed-ppds			install
freeglut3:amd64					install
freeglut3-dev:amd64				install
friendly-recovery				install
ftp						install
fuse						install
g++						install
g++-4.8						install
gawk						install
gcc						install
gcc-4.8						install
gcc-4.8-base:amd64				install
gcc-4.9-base:amd64				install
gconf-service					install
gconf-service-backend				install
gconf2						install
gconf2-common					install
gcr						install
gdb						install
gdisk						install
genisoimage					install
geoip-database					install
gettext						install
gettext-base					install
ghc						install
ghc-haddock					install
ghostscript					install
ghostscript-x					install
gigolo						install
gimp						install
gimp-data					install
gimp-help-common				install
gimp-help-en					install
gir1.2-appindicator3-0.1			install
gir1.2-atk-1.0					install
gir1.2-atspi-2.0				install
gir1.2-dbusmenu-glib-0.4			install
gir1.2-dee-1.0					install
gir1.2-freedesktop				install
gir1.2-gconf-2.0				install
gir1.2-gdkpixbuf-2.0				install
gir1.2-glib-2.0					install
gir1.2-gmenu-3.0				install
gir1.2-gnomekeyring-1.0				install
gir1.2-gst-plugins-base-1.0			install
gir1.2-gstreamer-1.0				install
gir1.2-gtk-2.0					install
gir1.2-gtk-3.0					install
gir1.2-gudev-1.0				install
gir1.2-javascriptcoregtk-3.0			install
gir1.2-notify-0.7				install
gir1.2-packagekitglib-1.0			install
gir1.2-pango-1.0				install
gir1.2-rsvg-2.0					install
gir1.2-soup-2.4					install
gir1.2-unity-5.0:amd64				install
gir1.2-vte-2.90					install
gir1.2-webkit-3.0				install
gir1.2-wnck-3.0					install
git						install
git-core					install
git-doc						install
git-man						install
glib-networking:amd64				install
glib-networking-common				install
glib-networking-services			install
gmusicbrowser					install
gnome-accessibility-themes			install
gnome-calculator				install
gnome-desktop-data				install
gnome-desktop3-data				install
gnome-font-viewer				install
gnome-icon-theme				install
gnome-icon-theme-full				install
gnome-icon-theme-symbolic			install
gnome-keyring					install
gnome-menus					install
gnome-mines					install
gnome-sudoku					install
gnome-system-tools				install
gnome-themes-standard:amd64			install
gnome-themes-standard-data			install
gnome-user-guide				install
gnomine						install
gnumeric					install
gnumeric-common					install
gnumeric-doc					install
gnupg						install
golang-go					deinstall
google-chrome-stable				install
gpgv						install
grep						install
groff-base					install
grub-common					install
grub-gfxpayload-lists				install
grub-pc						install
grub-pc-bin					install
grub2-common					install
gsettings-desktop-schemas			install
gsettings-ubuntu-schemas			install
gsfonts						install
gsfonts-x11					install
gstreamer0.10-alsa:amd64			install
gstreamer0.10-nice:amd64			install
gstreamer0.10-plugins-base:amd64		install
gstreamer0.10-plugins-base-apps			install
gstreamer0.10-plugins-good:amd64		install
gstreamer0.10-pulseaudio:amd64			install
gstreamer0.10-tools				install
gstreamer0.10-x:amd64				install
gstreamer1.0-libav:amd64			install
gstreamer1.0-plugins-base:amd64			install
gstreamer1.0-plugins-good:amd64			install
gstreamer1.0-pulseaudio:amd64			install
gstreamer1.0-tools				install
gstreamer1.0-x:amd64				install
gtk-theme-config				install
gtk2-engines-murrine:amd64			install
gtk2-engines-pixbuf:amd64			install
gucharmap					install
guile-2.0-libs					install
gvfs:amd64					install
gvfs-backends					install
gvfs-bin					install
gvfs-common					install
gvfs-daemons					install
gvfs-fuse					install
gvfs-libs:amd64					install
gzip						install
happy						install
hardening-includes				install
haroopad					install
haskell-platform				install
hdparm						install
hexchat						install
hexchat-common					install
hicolor-icon-theme				install
hostname					install
hplip						install
hplip-data					install
htop						install
humanity-icon-theme				install
hunspell-en-us					install
hwdata						install
i3-wm						install
i3lock						deinstall
i3status					deinstall
ifupdown					install
im-config					install
imagemagick					install
imagemagick-common				install
indicator-application				install
indicator-messages				install
indicator-power					install
indicator-sound					install
info						install
init-system-helpers				install
initramfs-tools					install
initramfs-tools-bin				install
initscripts					install
inotify-tools					install
inputattach					install
insserv						install
install-info					install
intltool-debian					install
iproute						install
iproute2					install
iptables					install
iputils-arping					install
iputils-ping					install
iputils-tracepath				install
irqbalance					install
isc-dhcp-client					install
isc-dhcp-common					install
iso-codes					install
iw						install
jackd						install
jackd2						install
jackd2-firewire					install
java-common					install
javascript-common				install
kbd						install
kerneloops-daemon				install
keyboard-configuration				install
klibc-utils					install
kmod						install
krb5-locales					install
krb5-multidev					install
language-pack-en				install
language-pack-en-base				install
language-pack-gnome-en				install
language-pack-gnome-en-base			install
language-selector-common			install
language-selector-gnome				install
laptop-detect					install
leiningen					deinstall
less						install
liba52-0.7.4					install
libaa1:amd64					install
libaacs0:amd64					install
libabiword-3.0:amd64				install
libaccountsservice0:amd64			install
libacl1:amd64					install
libaio1:amd64					install
libalgorithm-diff-perl				install
libalgorithm-diff-xs-perl			install
libalgorithm-merge-perl				install
libamd2.3.1:amd64				install
libanyevent-i3-perl				install
libanyevent-perl				install
libapparmor-perl				install
libapparmor1:amd64				install
libappindicator1				install
libappindicator3-1				install
libapt-inst1.5:amd64				install
libapt-pkg-perl					install
libapt-pkg4.12:amd64				install
libarchive-extract-perl				install
libarchive-zip-perl				install
libarchive13:amd64				install
libart-2.0-2:amd64				install
libasan0:amd64					install
libasn1-8-heimdal:amd64				install
libasound2:amd64				install
libasound2-data					install
libasound2-dev:amd64				install
libasound2-plugins:amd64			install
libaspell15					install
libasprintf-dev:amd64				install
libasprintf0c2:amd64				install
libass4:amd64					install
libasync-interrupt-perl				install
libasyncns0:amd64				install
libatasmart4:amd64				install
libatk-bridge2.0-0:amd64			install
libatk-bridge2.0-dev:amd64			install
libatk1.0-0:amd64				install
libatk1.0-data					install
libatk1.0-dev					install
libatkmm-1.6-1:amd64				install
libatomic1:amd64				install
libatspi2.0-0:amd64				install
libattr1:amd64					install
libaudio2:amd64					install
libaudit-common					install
libaudit1:amd64					install
libaugeas0					install
libauthen-sasl-perl				install
libautodie-perl					install
libavahi-client3:amd64				install
libavahi-common-data:amd64			install
libavahi-common3:amd64				install
libavahi-core7:amd64				install
libavahi-glib1:amd64				install
libavc1394-0:amd64				install
libavcodec54:amd64				install
libavformat54:amd64				install
libavutil52:amd64				install
libbabl-0.1-0:amd64				install
libbasicusageenvironment0			install
libbind9-90					install
libbison-dev:amd64				install
libblas3					install
libblkid1:amd64					install
libbluetooth3:amd64				install
libbluray1:amd64				install
libbonobo2-0:amd64				install
libbonobo2-common				install
libbonoboui2-0:amd64				install
libbonoboui2-common				install
libboost-filesystem1.54.0:amd64			install
libboost-iostreams1.54.0:amd64			install
libboost-program-options1.54.0:amd64		install
libboost-regex1.54.0:amd64			install
libboost-system1.54.0:amd64			install
libboost-thread1.54.0:amd64			install
libbrlapi0.6:amd64				install
libbsd-dev					install
libbsd0:amd64					install
libburn4					install
libbz2-1.0:amd64				install
libbz2-dev:amd64				install
libc-ares2:amd64				deinstall
libc-bin					install
libc-dev-bin					install
libc6:amd64					install
libc6-dbg:amd64					install
libc6-dev:amd64					install
libcaca0:amd64					install
libcairo-gobject2:amd64				install
libcairo-perl					install
libcairo-script-interpreter2:amd64		install
libcairo2:amd64					install
libcairo2-dev					install
libcairomm-1.0-1:amd64				install
libcamd2.3.1:amd64				install
libcamel-1.2-45					install
libcanberra-gtk3-0:amd64			install
libcanberra-gtk3-module:amd64			install
libcanberra0:amd64				install
libcap-ng0					install
libcap2:amd64					install
libcap2-bin					install
libccolamd2.8.0:amd64				install
libcddb2					install
libcdio-cdda1					install
libcdio-paranoia1				install
libcdio13					install
libcdparanoia0:amd64				install
libcdt5						install
libcgmanager0:amd64				install
libcgraph6					install
libchamplain-0.12-0:amd64			install
libchamplain-gtk-0.12-0:amd64			install
libcholmod2.1.2:amd64				install
libchromaprint0:amd64				install
libck-connector0:amd64				install
libclang-common-3.5-dev				install
libclang1-3.5:amd64				install
libclass-accessor-perl				install
libclone-perl					install
libcloog-isl4:amd64				install
libclutter-1.0-0:amd64				install
libclutter-1.0-common				install
libclutter-gtk-1.0-0:amd64			install
libcogl-common					install
libcogl-pango15:amd64				install
libcogl15:amd64					install
libcolamd2.8.0:amd64				install
libcolord1:amd64				install
libcolorhug1:amd64				install
libcomerr2:amd64				install
libcommon-sense-perl				install
libconfig++9:amd64				install
libconfuse0:amd64				deinstall
libcroco3:amd64					install
libcrystalhd3:amd64				install
libcups2:amd64					install
libcupscgi1:amd64				install
libcupsfilters1:amd64				install
libcupsimage2:amd64				install
libcupsmime1:amd64				install
libcupsppdc1:amd64				install
libcurl3:amd64					install
libcurl3-gnutls:amd64				install
libcwidget3					install
libcwiid1					install
libdaemon0					install
libdatrie-dev:amd64				install
libdatrie1:amd64				install
libdb5.3:amd64					install
libdb5.3-java-jni:amd64				deinstall
libdbus-1-3:amd64				install
libdbus-1-dev:amd64				install
libdbus-glib-1-2:amd64				install
libdbusmenu-glib4:amd64				install
libdbusmenu-gtk3-4:amd64			install
libdbusmenu-gtk4:amd64				install
libdbusmenu-qt2:amd64				install
libdc1394-22:amd64				install
libdca0:amd64					install
libdconf1:amd64					install
libdebconfclient0:amd64				install
libdee-1.0-4:amd64				install
libdevmapper1.02.1:amd64			install
libdigest-crc-perl				install
libdigest-hmac-perl				install
libdirac-encoder0:amd64				install
libdirectfb-1.2-9:amd64				install
libdjvulibre-dev:amd64				install
libdjvulibre-text				install
libdjvulibre21:amd64				install
libdmx-dev:amd64				install
libdmx1:amd64					install
libdns100					install
libdotconf0:amd64				install
libdpkg-perl					install
libdrm-amdgpu1:amd64				install
libdrm-dev:amd64				install
libdrm-intel1:amd64				install
libdrm-nouveau2:amd64				install
libdrm-radeon1:amd64				install
libdrm2:amd64					install
libdv4:amd64					install
libdvbpsi8:amd64				install
libdvdnav4:amd64				install
libdvdread4:amd64				install
libebml4:amd64					install
libebook-contacts-1.2-0				install
libedataserver-1.2-18				install
libedit2:amd64					install
libegl1-mesa-drivers-lts-utopic:amd64		install
libegl1-mesa-lts-utopic:amd64			install
libelf1:amd64					install
libelfg0:amd64					install
libemail-valid-perl				install
libenca0:amd64					install
libenchant1c2a:amd64				install
libencode-locale-perl				install
libepoxy0					install
libept1.4.12:amd64				install
liberror-perl					install
libespeak1:amd64				install
libestr0					install
libev-perl					install
libev4						install
libevdev2					install
libevdocument3-4				install
libevent-2.0-5:amd64				install
libevview3-3					install
libexif-dev					install
libexif12:amd64					install
libexo-1-0:amd64				install
libexo-common					install
libexo-helpers					install
libexpat1:amd64					install
libexpat1-dev:amd64				install
libfaad2:amd64					install
libfakeroot:amd64				install
libfarstream-0.1-0:amd64			install
libffado2					install
libffi-dev:amd64				install
libffi6:amd64					install
libfftw3-bin					install
libfftw3-dev:amd64				install
libfftw3-double3:amd64				install
libfftw3-long3:amd64				install
libfftw3-quad3:amd64				install
libfftw3-single3:amd64				install
libfile-basedir-perl				install
libfile-copy-recursive-perl			install
libfile-desktopentry-perl			install
libfile-fcntllock-perl				install
libfile-listing-perl				install
libfile-mimeinfo-perl				install
libflac-dev:amd64				install
libflac8:amd64					install
libfont-afm-perl				install
libfontconfig1:amd64				install
libfontconfig1-dev				install
libfontembed1:amd64				install
libfontenc-dev:amd64				install
libfontenc1:amd64				install
libframe6:amd64					install
libfreerdp1:amd64				install
libfreetype6:amd64				install
libfreetype6-dev				install
libfribidi0:amd64				install
libfs-dev:amd64					install
libfs6:amd64					install
libfuse2:amd64					install
libgail-3-0:amd64				install
libgail18:amd64					install
libgarcon-1-0					install
libgarcon-common				install
libgbm1:amd64					install
libgbm1-lts-utopic:amd64			install
libgc1c2:amd64					install
libgcc-4.8-dev:amd64				install
libgcc1:amd64					install
libgck-1-0:amd64				install
libgconf-2-4:amd64				install
libgconf2-dev					install
libgcr-3-common					install
libgcr-base-3-1:amd64				install
libgcr-ui-3-1:amd64				install
libgcrypt11:amd64				install
libgcrypt11-dev					install
libgd3:amd64					install
libgdbm-dev					install
libgdbm3:amd64					install
libgdk-pixbuf2.0-0:amd64			install
libgdk-pixbuf2.0-common				install
libgdk-pixbuf2.0-dev				install
libgdome2-0					install
libgdome2-cpp-smart0c2a				install
libgegl-0.2-0:amd64				install
libgeis1:amd64					install
libgeoclue0:amd64				install
libgeoip1:amd64					install
libgettextpo-dev:amd64				install
libgettextpo0:amd64				install
libgfortran3:amd64				install
libghc-async-dev				install
libghc-attoparsec-dev				install
libghc-case-insensitive-dev			install
libghc-cgi-dev					install
libghc-extensible-exceptions-dev		install
libghc-fgl-dev					install
libghc-gluraw-dev				install
libghc-glut-dev					install
libghc-hashable-dev				install
libghc-haskell-src-dev				install
libghc-html-dev					install
libghc-http-dev					install
libghc-hunit-dev				install
libghc-monadcatchio-mtl-dev			install
libghc-mtl-dev					install
libghc-network-dev				install
libghc-opengl-dev				install
libghc-openglraw-dev				install
libghc-parallel-dev				install
libghc-parsec3-dev				install
libghc-primitive-dev				install
libghc-quickcheck2-dev				install
libghc-random-dev				install
libghc-regex-base-dev				install
libghc-regex-compat-dev				install
libghc-regex-posix-dev				install
libghc-split-dev				install
libghc-stm-dev					install
libghc-syb-dev					install
libghc-text-dev					install
libghc-transformers-dev				install
libghc-unordered-containers-dev			install
libghc-vector-dev				install
libghc-xhtml-dev				install
libghc-zlib-dev					install
libgif-dev					install
libgif4:amd64					install
libgimp2.0					install
libgirepository-1.0-1				install
libgl1-mesa-dev					install
libgl1-mesa-dri-lts-utopic:amd64		install
libgl1-mesa-glx-lts-utopic:amd64		install
libglade2-0:amd64				install
libglapi-mesa-lts-utopic:amd64			install
libgles1-mesa-lts-utopic:amd64			install
libgles2-mesa-lts-utopic:amd64			install
libglib-perl					install
libglib2.0-0:amd64				install
libglib2.0-bin					install
libglib2.0-data					install
libglib2.0-dev					install
libglibmm-2.4-1c2a:amd64			install
libglu1-mesa:amd64				install
libglu1-mesa-dev				install
libgmp-dev:amd64				install
libgmp10:amd64					install
libgmpxx4ldbl:amd64				install
libgnome-bluetooth11				install
libgnome-desktop-3-7				install
libgnome-keyring-common				install
libgnome-keyring0:amd64				install
libgnome-menu-3-0				install
libgnome2-0:amd64				install
libgnome2-bin					install
libgnome2-common				install
libgnome2-wnck-perl				install
libgnomecanvas2-0:amd64				install
libgnomecanvas2-common				install
libgnomeui-0:amd64				install
libgnomeui-common				install
libgnomevfs2-0:amd64				install
libgnomevfs2-common				install
libgnomevfs2-extra:amd64			deinstall
libgnutls-dev					install
libgnutls-openssl27:amd64			install
libgnutls26:amd64				install
libgnutls28:amd64				install
libgnutlsxx27:amd64				install
libgo5:amd64					deinstall
libgoffice-0.10-10				install
libgoffice-0.10-10-common			install
libgomp1:amd64					install
libgoocanvas3					deinstall
libgoogle-perftools4				deinstall
libgpg-error-dev				install
libgpg-error0:amd64				install
libgphoto2-6:amd64				install
libgphoto2-l10n					install
libgphoto2-port10:amd64				install
libgpm-dev:amd64				install
libgpm2:amd64					install
libgrail6					install
libgraphite2-3:amd64				install
libgraphviz-dev					install
libgrip0					install
libgroupsock1					install
libgs9						install
libgs9-common					install
libgsasl7					install
libgsf-1-114					install
libgsf-1-common					install
libgsm1:amd64					install
libgsoap4:amd64					install
libgssapi-krb5-2:amd64				install
libgssapi3-heimdal:amd64			install
libgssdp-1.0-3					install
libgssrpc4:amd64				install
libgstreamer-perl				install
libgstreamer-plugins-base0.10-0:amd64		install
libgstreamer-plugins-base1.0-0:amd64		install
libgstreamer-plugins-good1.0-0:amd64		install
libgstreamer0.10-0:amd64			install
libgstreamer1.0-0:amd64				install
libgtk-3-0:amd64				install
libgtk-3-bin					install
libgtk-3-common					install
libgtk-3-dev					install
libgtk-vnc-1.0-0				install
libgtk2-notify-perl				install
libgtk2-perl					install
libgtk2-trayicon-perl				install
libgtk2.0-0:amd64				install
libgtk2.0-bin					install
libgtk2.0-common				install
libgtk2.0-dev					install
libgtkglext1					install
libgtkglext1-dev				install
libgtkimageview0				deinstall
libgtkmathview0c2a				install
libgtkmm-3.0-1:amd64				install
libgtksourceview2.0-0				install
libgtksourceview2.0-common			install
libgtkspell0					install
libguard-perl					install
libgucharmap-2-90-7				install
libgudev-1.0-0:amd64				install
libgupnp-1.0-4					install
libgupnp-igd-1.0-4:amd64			install
libgusb2:amd64					install
libgutenprint2					install
libgvc6						install
libgvnc-1.0-0					install
libgvpr2					install
libgxps2:amd64					install
libharfbuzz-dev					install
libharfbuzz-gobject0:amd64			install
libharfbuzz-icu0:amd64				install
libharfbuzz0b:amd64				install
libhcrypto4-heimdal:amd64			install
libheimbase1-heimdal:amd64			install
libheimntlm0-heimdal:amd64			install
libhogweed2:amd64				install
libhpmud0					install
libhtml-form-perl				install
libhtml-format-perl				install
libhtml-parser-perl				install
libhtml-tagset-perl				install
libhtml-tree-perl				install
libhttp-cookies-perl				install
libhttp-daemon-perl				install
libhttp-date-perl				install
libhttp-message-perl				install
libhttp-negotiate-perl				install
libhunspell-1.3-0:amd64				install
libhx509-5-heimdal:amd64			install
libical1					install
libice-dev:amd64				install
libice6:amd64					install
libicu52:amd64					install
libidl-common					install
libidl0:amd64					install
libidn11:amd64					install
libido3-0.1-0:amd64				install
libiec61883-0:amd64				install
libieee1284-3:amd64				install
libijs-0.35					install
libilmbase-dev					install
libilmbase6:amd64				install
libimobiledevice4:amd64				install
libindicator3-7					install
libindicator7					install
libinotifytools0				install
libintl-perl					install
libio-html-perl					install
libio-pty-perl					install
libio-socket-inet6-perl				install
libio-socket-ssl-perl				install
libio-string-perl				install
libipc-run-perl					install
libipc-system-simple-perl			install
libisc95					install
libisccc90					install
libisccfg90					install
libisl10:amd64					install
libiso9660-8					install
libisofs6					install
libitm1:amd64					install
libiw30:amd64					install
libjack-jackd2-0:amd64				install
libjasper-dev					install
libjasper1:amd64				install
libjavascriptcoregtk-1.0-0:amd64		install
libjavascriptcoregtk-3.0-0:amd64		install
libjbig-dev:amd64				install
libjbig0:amd64					install
libjbig2dec0					install
libjpeg-dev:amd64				install
libjpeg-turbo8:amd64				install
libjpeg-turbo8-dev:amd64			install
libjpeg8:amd64					install
libjpeg8-dev:amd64				install
libjs-jquery					install
libjs-mathjax					install
libjson-c2:amd64				install
libjson-glib-1.0-0:amd64			install
libjson-glib-1.0-common				install
libjson-xs-perl					install
libjson0:amd64					install
libjte1						install
libk5crypto3:amd64				install
libkadm5clnt-mit9:amd64				install
libkadm5srv-mit9:amd64				install
libkate1					install
libkdb5-7:amd64					install
libkeybinder0					install
libkeyutils1:amd64				install
libklibc					install
libkmod2:amd64					install
libkpathsea6					install
libkrb5-26-heimdal:amd64			install
libkrb5-3:amd64					install
libkrb5support0:amd64				install
libkyotocabinet16:amd64				install
liblapack3					install
liblcms2-2:amd64				install
liblcms2-dev:amd64				install
libldap-2.4-2:amd64				install
libldb1:amd64					install
liblightdm-gobject-1-0				install
liblink-grammar4				install
liblircclient0					install
liblist-moreutils-perl				install
liblivemedia23					install
libllvm3.5:amd64				install
liblocale-gettext-perl				install
liblockfile-bin					install
liblockfile-dev					install
liblockfile1:amd64				install
liblog-message-simple-perl			install
libloudmouth1-0					install
liblqr-1-0:amd64				install
liblqr-1-0-dev					install
libltdl-dev:amd64				install
libltdl7:amd64					install
liblua5.2-0:amd64				install
liblwp-mediatypes-perl				install
liblwp-protocol-https-perl			install
liblwres90					install
liblzma-dev:amd64				install
liblzma5:amd64					install
liblzo2-2:amd64					install
libm17n-0					install
libm17n-dev					install
libmad0:amd64					install
libmagic1:amd64					install
libmagick++-dev					install
libmagick++5:amd64				install
libmagickcore-dev				install
libmagickcore5:amd64				install
libmagickcore5-extra:amd64			install
libmagickwand-dev				install
libmagickwand5:amd64				install
libmailtools-perl				install
libmailutils4					install
libmatroska6:amd64				install
libmbim-glib0:amd64				install
libmeanwhile1					install
libmessaging-menu0				install
libmhash2:amd64					install
libminiupnpc8					install
libmm-glib0:amd64				install
libmng2:amd64					install
libmnl0:amd64					install
libmodplug1					install
libmodule-pluggable-perl			install
libmount1:amd64					install
libmp3lame0:amd64				install
libmpc3:amd64					install
libmpcdec6					install
libmpdec2:amd64					install
libmpeg2-4:amd64				install
libmpfr4:amd64					install
libmtdev1:amd64					install
libmtp-common					install
libmtp-runtime					install
libmtp9:amd64					install
libmysqlclient18:amd64				install
libnatpmp1					install
libnautilus-extension1a				install
libncurses5:amd64				install
libncurses5-dev:amd64				install
libncursesw5:amd64				install
libnet-dbus-perl				install
libnet-dns-perl					install
libnet-domain-tld-perl				install
libnet-http-perl				install
libnet-ip-perl					install
libnet-libidn-perl				install
libnet-smtp-ssl-perl				install
libnet-ssleay-perl				install
libnetcf1					install
libnetfilter-conntrack3:amd64			install
libnetpbm10					install
libnettle4:amd64				install
libnewt0.52:amd64				install
libnfnetlink0:amd64				install
libnice10:amd64					install
libnih-dbus1:amd64				install
libnih1:amd64					install
libnl-3-200:amd64				install
libnl-genl-3-200:amd64				install
libnl-route-3-200:amd64				install
libnm-glib-vpn1					install
libnm-glib4					install
libnm-gtk-common				install
libnm-gtk0					install
libnm-util2					install
libnotify-bin					install
libnotify4:amd64				install
libnspr4:amd64					install
libnss-mdns:amd64				install
libnss3:amd64					install
libnss3-nssdb					install
libntdb1:amd64					install
libntlm0:amd64					install
libnuma1:amd64					install
libobjc-4.8-dev:amd64				install
libobjc4:amd64					install
libodbc1:amd64					install
libogg-dev:amd64				install
libogg0:amd64					install
liboobs-1-5					install
libopenexr-dev					install
libopenexr6:amd64				install
libopenjpeg2:amd64				install
libopenobex1					install
libopenvg1-mesa-lts-utopic:amd64		install
libopus0					install
liborbit-2-0:amd64				install
liborbit2:amd64					install
liborc-0.4-0:amd64				install
libossp-uuid16					install
libotf-dev:amd64				install
libotf0:amd64					install
libotr5						install
libots0						install
libp11-kit-dev					install
libp11-kit-gnome-keyring:amd64			install
libp11-kit0:amd64				install
libpackagekit-glib2-16:amd64			install
libpam-cap:amd64				install
libpam-gnome-keyring:amd64			install
libpam-modules:amd64				install
libpam-modules-bin				install
libpam-runtime					install
libpam-systemd:amd64				install
libpam0g:amd64					install
libpango-1.0-0:amd64				install
libpango-perl					install
libpango1.0-0:amd64				install
libpango1.0-dev					install
libpangocairo-1.0-0:amd64			install
libpangoft2-1.0-0:amd64				install
libpangomm-1.4-1:amd64				install
libpangox-1.0-0:amd64				install
libpangox-1.0-dev				install
libpangoxft-1.0-0:amd64				install
libpaper-utils					install
libpaper1:amd64					install
libparse-debianchangelog-perl			install
libparted0debian1:amd64				install
libpathplan4					install
libpcap0.8:amd64				install
libpci3:amd64					install
libpciaccess-dev:amd64				install
libpciaccess0:amd64				install
libpcre3:amd64					install
libpcre3-dev:amd64				install
libpcrecpp0:amd64				install
libpcsclite1:amd64				install
libperl5.18					install
libperlio-gzip-perl				install
libpipeline1:amd64				install
libpixman-1-0:amd64				install
libpixman-1-dev					install
libplist1:amd64					install
libplymouth2:amd64				install
libpng12-0:amd64				install
libpng12-dev					install
libpod-latex-perl				install
libpolkit-agent-1-0:amd64			install
libpolkit-backend-1-0:amd64			install
libpolkit-gobject-1-0:amd64			install
libpoppler-glib8:amd64				install
libpoppler44:amd64				install
libpopt0:amd64					install
libportaudio2:amd64				install
libpostproc52					install
libpq-dev					install
libpq5						install
libprocps3:amd64				install
libprotobuf8:amd64				install
libproxy-tools					install
libproxy1:amd64					install
libpthread-stubs0-dev:amd64			install
libpulse-mainloop-glib0:amd64			install
libpulse0:amd64					install
libpulsedsp:amd64				install
libpurple-bin					install
libpurple0					install
libpyside1.2:amd64				install
libpython-dev:amd64				install
libpython-stdlib:amd64				install
libpython2.7:amd64				install
libpython2.7-dev:amd64				install
libpython2.7-minimal:amd64			install
libpython2.7-stdlib:amd64			install
libpython3-dev:amd64				install
libpython3-stdlib:amd64				install
libpython3.4:amd64				install
libpython3.4-dev:amd64				install
libpython3.4-minimal:amd64			install
libpython3.4-stdlib:amd64			install
libqmi-glib0:amd64				install
libqpdf13:amd64					install
libqscintilla2-11				install
libqscintilla2-dev				install
libqscintilla2-l10n				install
libqt4-dbus:amd64				install
libqt4-declarative:amd64			install
libqt4-designer:amd64				install
libqt4-dev					install
libqt4-dev-bin					install
libqt4-help:amd64				install
libqt4-network:amd64				install
libqt4-opengl:amd64				install
libqt4-opengl-dev				install
libqt4-qt3support:amd64				install
libqt4-script:amd64				install
libqt4-scripttools:amd64			install
libqt4-sql:amd64				install
libqt4-sql-mysql:amd64				install
libqt4-sql-sqlite:amd64				install
libqt4-svg:amd64				install
libqt4-test:amd64				install
libqt4-xml:amd64				install
libqt4-xmlpatterns:amd64			install
libqt5clucene5:amd64				install
libqt5core5a:amd64				install
libqt5dbus5:amd64				install
libqt5designer5:amd64				install
libqt5gui5:amd64				install
libqt5help5:amd64				install
libqt5network5:amd64				install
libqt5opengl5:amd64				install
libqt5positioning5:amd64			install
libqt5printsupport5:amd64			install
libqt5qml5:amd64				install
libqt5quick5:amd64				install
libqt5sensors5:amd64				install
libqt5sql5:amd64				install
libqt5sql5-sqlite:amd64				install
libqt5test5:amd64				install
libqt5webkit5:amd64				install
libqt5widgets5:amd64				install
libqt5x11extras5:amd64				install
libqt5xml5:amd64				install
libqtcore4:amd64				install
libqtdbus4:amd64				install
libqtgui4:amd64					install
libqtwebkit-dev					install
libqtwebkit4:amd64				install
libquadmath0:amd64				install
librados2					install
libraptor2-0:amd64				install
librasqal3:amd64				install
libraw1394-11:amd64				install
librbd1						install
librdf0:amd64					install
libreadline5:amd64				install
libreadline6:amd64				install
libreadline6-dev:amd64				install
libresid-builder0c2a				install
libroken18-heimdal:amd64			install
librsvg2-2:amd64				install
librsvg2-common:amd64				install
librsvg2-dev					install
librtmp0:amd64					install
libruby1.9.1					install
libsamplerate0:amd64				install
libsane:amd64					install
libsane-common					install
libsane-hpaio					install
libsasl2-2:amd64				install
libsasl2-modules:amd64				install
libsasl2-modules-db:amd64			install
libschroedinger-1.0-0:amd64			install
libscsynth1					install
libsdl-image1.2:amd64				install
libsdl1.2debian:amd64				install
libsecret-1-0:amd64				install
libsecret-common				install
libselinux1:amd64				install
libselinux1-dev:amd64				install
libsemanage-common				install
libsemanage1:amd64				install
libsensors4:amd64				install
libsepol1:amd64					install
libsepol1-dev					install
libsexy2					install
libshiboken1.2:amd64				install
libshout3:amd64					install
libsidplay2					install
libsigc++-2.0-0c2a:amd64			install
libsigsegv2:amd64				install
libslang2:amd64					install
libsm-dev:amd64					install
libsm6:amd64					install
libsmbclient:amd64				install
libsnappy1					deinstall
libsndfile1:amd64				install
libsndfile1-dev					install
libsnmp-base					install
libsnmp30:amd64					install
libsocket6-perl					install
libsonic0:amd64					install
libsoup-gnome2.4-1:amd64			install
libsoup2.4-1:amd64				install
libspectre1:amd64				install
libspeechd2:amd64				install
libspeex1:amd64					install
libspeexdsp1:amd64				install
libsqlite3-0:amd64				install
libsqlite3-dev:amd64				install
libss2:amd64					install
libssh2-1:amd64					install
libssl-dev:amd64				install
libssl-doc					install
libssl1.0.0:amd64				install
libstartup-notification0:amd64			install
libstdc++-4.8-dev:amd64				install
libstdc++6:amd64				install
libsub-identify-perl				install
libsub-name-perl				install
libswscale2:amd64				install
libsystemd-daemon0:amd64			install
libsystemd-journal0:amd64			install
libsystemd-login0:amd64				install
libt1-5						install
libtag1-vanilla:amd64				install
libtag1c2a:amd64				install
libtagc0:amd64					install
libtalloc2:amd64				install
libtar0						install
libtasn1-6:amd64				install
libtasn1-6-dev					install
libtcl8.6:amd64					install
libtcmalloc-minimal4				deinstall
libtdb1:amd64					install
libtelepathy-glib0:amd64			install
libterm-ui-perl					install
libtevent0:amd64				install
libtext-charwidth-perl				install
libtext-iconv-perl				install
libtext-levenshtein-perl			install
libtext-soundex-perl				install
libtext-unidecode-perl				install
libtext-wrapi18n-perl				install
libthai-data					install
libthai-dev:amd64				install
libthai0:amd64					install
libtheora0:amd64				install
libthunarx-2-0					install
libtidy-0.99-0					install
libtie-ixhash-perl				install
libtiff5:amd64					install
libtiff5-dev:amd64				install
libtiffxx5:amd64				install
libtimedate-perl				install
libtinfo-dev:amd64				install
libtinfo5:amd64					install
libtk8.6:amd64					install
libtool						install
libts-0.0-0:amd64				install
libtsan0:amd64					install
libtumbler-1-0					install
libtwolame0					install
libtxc-dxtn-s2tc0:amd64				install
libudev1:amd64					install
libudisks2-0:amd64				install
libumfpack5.6.2:amd64				install
libunique-1.0-0					install
libunistring0:amd64				install
libunity-protocol-private0:amd64		install
libunity-scopes-json-def-desktop		install
libunity9:amd64					install
libunwind8					deinstall
libupnp6					install
libupower-glib1:amd64				install
liburi-perl					install
liburl-dispatcher1:amd64			install
libusageenvironment1				install
libusb-0.1-4:amd64				install
libusb-1.0-0:amd64				install
libusbmuxd2					install
libustr-1.0-1:amd64				install
libutempter0					install
libuuid-perl					install
libuuid1:amd64					install
libv4l-0:amd64					install
libv4lconvert0:amd64				install
libv8-3.14.5					deinstall
libva-x11-1:amd64				install
libva1:amd64					install
libvcdinfo0					install
libvirt-bin					install
libvirt0					install
libvisual-0.4-0:amd64				install
libvisual-0.4-plugins:amd64			install
libvlc5						install
libvlccore7					install
libvncserver0:amd64				install
libvorbis-dev:amd64				install
libvorbis0a:amd64				install
libvorbisenc2:amd64				install
libvorbisfile3:amd64				install
libvpx1:amd64					install
libvte-2.90-9					install
libvte-2.90-common				install
libvte-common					install
libvte9						install
libwavpack1:amd64				install
libwayland-client0:amd64			install
libwayland-cursor0:amd64			install
libwayland-dev					install
libwayland-egl1-mesa-lts-utopic:amd64		install
libwayland-server0:amd64			install
libwbclient0:amd64				install
libwebkitgtk-1.0-0:amd64			install
libwebkitgtk-1.0-common				install
libwebkitgtk-3.0-0:amd64			install
libwebkitgtk-3.0-common				install
libwebp5:amd64					install
libwebpmux1:amd64				install
libwhoopsie0					install
libwind0-heimdal:amd64				install
libwmf-dev					install
libwmf0.2-7:amd64				install
libwnck-3-0:amd64				install
libwnck-3-common				install
libwnck-common					install
libwnck22					install
libwpd-0.9-9					install
libwpg-0.2-2					install
libwps-0.2-2					install
libwrap0:amd64					install
libwv-1.2-4:amd64				install
libwww-perl					install
libwww-robotrules-perl				install
libwxbase2.8-0:amd64				install
libwxgtk-media2.8-0:amd64			install
libwxgtk2.8-0:amd64				install
libx11-6:amd64					install
libx11-data					install
libx11-dev:amd64				install
libx11-xcb-dev:amd64				install
libx11-xcb1:amd64				install
libx264-142:amd64				install
libx86-1:amd64					install
libxapian22					install
libxatracker2-lts-utopic:amd64			install
libxau-dev:amd64				install
libxau6:amd64					install
libxaw7:amd64					install
libxaw7-dev:amd64				install
libxcb-composite0:amd64				install
libxcb-cursor0:amd64				install
libxcb-dpms0:amd64				deinstall
libxcb-dri2-0:amd64				install
libxcb-dri2-0-dev:amd64				install
libxcb-dri3-0:amd64				install
libxcb-dri3-dev:amd64				install
libxcb-glx0:amd64				install
libxcb-glx0-dev:amd64				install
libxcb-icccm4:amd64				install
libxcb-image0:amd64				install
libxcb-keysyms1:amd64				install
libxcb-present-dev:amd64			install
libxcb-present0:amd64				install
libxcb-randr0:amd64				install
libxcb-randr0-dev:amd64				install
libxcb-render-util0:amd64			install
libxcb-render0:amd64				install
libxcb-render0-dev:amd64			install
libxcb-shape0:amd64				install
libxcb-shape0-dev:amd64				install
libxcb-shm0:amd64				install
libxcb-shm0-dev:amd64				install
libxcb-sync-dev:amd64				install
libxcb-sync1:amd64				install
libxcb-util0:amd64				install
libxcb-xfixes0:amd64				install
libxcb-xfixes0-dev:amd64			install
libxcb-xinerama0:amd64				install
libxcb-xkb1:amd64				install
libxcb-xv0:amd64				install
libxcb1:amd64					install
libxcb1-dev:amd64				install
libxcomposite-dev				install
libxcomposite1:amd64				install
libxcursor-dev:amd64				install
libxcursor1:amd64				install
libxdamage-dev:amd64				install
libxdamage1:amd64				install
libxdg-basedir1					install
libxdmcp-dev:amd64				install
libxdmcp6:amd64					install
libxdot4					install
libxen-4.4					install
libxenstore3.0					install
libxext-dev:amd64				install
libxext6:amd64					install
libxfce4ui-1-0					install
libxfce4ui-2-0					install
libxfce4ui-common				install
libxfce4ui-utils				install
libxfce4util-bin				install
libxfce4util-common				install
libxfce4util6					install
libxfcegui4-4					install
libxfconf-0-2					install
libxfixes-dev:amd64				install
libxfixes3:amd64				install
libxfont-dev					install
libxfont1:amd64					install
libxft-dev					install
libxft2:amd64					install
libxi-dev					install
libxi6:amd64					install
libxinerama-dev:amd64				install
libxinerama1:amd64				install
libxkbcommon-dev				install
libxkbcommon-x11-0:amd64			install
libxkbcommon0:amd64				install
libxkbfile-dev:amd64				install
libxkbfile1:amd64				install
libxklavier16					install
libxml++2.6-2					install
libxml-commons-resolver1.1-java			deinstall
libxml-libxml-perl				install
libxml-namespacesupport-perl			install
libxml-parser-perl				install
libxml-sax-base-perl				install
libxml-sax-expat-perl				install
libxml-sax-perl					install
libxml-simple-perl				install
libxml-twig-perl				install
libxml-xpathengine-perl				install
libxml2:amd64					install
libxml2-dev:amd64				install
libxml2-utils					install
libxmu-dev:amd64				install
libxmu-headers					install
libxmu6:amd64					install
libxmuu-dev:amd64				install
libxmuu1:amd64					install
libxp6:amd64					install
libxpm-dev:amd64				install
libxpm4:amd64					install
libxrandr-dev:amd64				install
libxrandr2:amd64				install
libxrender-dev:amd64				install
libxrender1:amd64				install
libxres-dev					install
libxres1:amd64					install
libxshmfence-dev:amd64				install
libxshmfence1:amd64				install
libxslt1-dev:amd64				install
libxslt1.1:amd64				install
libxss-dev:amd64				install
libxss1:amd64					install
libxt-dev:amd64					install
libxt6:amd64					install
libxtables10					install
libxtst-dev:amd64				install
libxtst6:amd64					install
libxv-dev:amd64					install
libxv1:amd64					install
libxvidcore4:amd64				install
libxvmc-dev:amd64				install
libxvmc1:amd64					install
libxxf86dga-dev:amd64				install
libxxf86dga1:amd64				install
libxxf86vm-dev:amd64				install
libxxf86vm1:amd64				install
libyajl2:amd64					install
libyaml-0-2:amd64				install
libyaml-dev:amd64				install
libyaml-tiny-perl				install
libyelp0					install
libzephyr4:amd64				install
libzvbi-common					install
libzvbi0:amd64					install
light-locker					install
light-locker-settings				install
lightdm						install
lightdm-gtk-greeter				install
link-grammar-dictionaries-en			install
lintian						install
linux-firmware					install
linux-generic-lts-utopic			install
linux-headers-3.16.0-41				install
linux-headers-3.16.0-41-generic			install
linux-headers-3.16.0-43				install
linux-headers-3.16.0-43-generic			install
linux-headers-3.16.0-44				install
linux-headers-3.16.0-44-generic			install
linux-headers-3.16.0-45				install
linux-headers-3.16.0-45-generic			install
linux-headers-3.16.0-46				install
linux-headers-3.16.0-46-generic			install
linux-headers-3.16.0-48				install
linux-headers-3.16.0-48-generic			install
linux-headers-3.16.0-49				install
linux-headers-3.16.0-49-generic			install
linux-headers-3.16.0-50				install
linux-headers-3.16.0-50-generic			install
linux-headers-3.16.0-51				install
linux-headers-3.16.0-51-generic			install
linux-headers-3.16.0-52				install
linux-headers-3.16.0-52-generic			install
linux-headers-3.16.0-53				install
linux-headers-3.16.0-53-generic			install
linux-headers-3.16.0-55				install
linux-headers-3.16.0-55-generic			install
linux-headers-3.16.0-56				install
linux-headers-3.16.0-56-generic			install
linux-headers-3.16.0-57				install
linux-headers-3.16.0-57-generic			install
linux-headers-3.16.0-59				install
linux-headers-3.16.0-59-generic			install
linux-headers-3.16.0-60				install
linux-headers-3.16.0-60-generic			install
linux-headers-3.16.0-62				install
linux-headers-3.16.0-62-generic			install
linux-headers-generic-lts-utopic		install
linux-image-3.16.0-30-generic			deinstall
linux-image-3.16.0-41-generic			install
linux-image-3.16.0-43-generic			install
linux-image-3.16.0-44-generic			install
linux-image-3.16.0-45-generic			install
linux-image-3.16.0-46-generic			install
linux-image-3.16.0-48-generic			install
linux-image-3.16.0-49-generic			install
linux-image-3.16.0-50-generic			install
linux-image-3.16.0-51-generic			install
linux-image-3.16.0-52-generic			install
linux-image-3.16.0-53-generic			install
linux-image-3.16.0-55-generic			install
linux-image-3.16.0-56-generic			install
linux-image-3.16.0-57-generic			install
linux-image-3.16.0-59-generic			install
linux-image-3.16.0-60-generic			install
linux-image-3.16.0-62-generic			install
linux-image-extra-3.16.0-30-generic		deinstall
linux-image-extra-3.16.0-41-generic		install
linux-image-extra-3.16.0-43-generic		install
linux-image-extra-3.16.0-44-generic		install
linux-image-extra-3.16.0-45-generic		install
linux-image-extra-3.16.0-46-generic		install
linux-image-extra-3.16.0-48-generic		install
linux-image-extra-3.16.0-49-generic		install
linux-image-extra-3.16.0-50-generic		install
linux-image-extra-3.16.0-51-generic		install
linux-image-extra-3.16.0-52-generic		install
linux-image-extra-3.16.0-53-generic		install
linux-image-extra-3.16.0-55-generic		install
linux-image-extra-3.16.0-56-generic		install
linux-image-extra-3.16.0-57-generic		install
linux-image-extra-3.16.0-59-generic		install
linux-image-extra-3.16.0-60-generic		install
linux-image-extra-3.16.0-62-generic		install
linux-image-generic-lts-utopic			install
linux-libc-dev:amd64				install
linux-sound-base				install
llvm-3.5					install
llvm-3.5-dev					install
llvm-3.5-runtime				install
locales						install
lockfile-progs					install
login						install
logrotate					install
lp-solve					install
lsb-base					install
lsb-release					install
lshw						install
lsof						install
ltrace						install
m17n-contrib					install
m17n-db						install
m4						install
mailutils					install
mailutils-common				install
make						install
makedev						install
man-db						install
manpages					install
manpages-dev					install
markdown					install
mawk						install
memtest86+					install
menu						install
menulibre					install
mesa-common-dev					install
mime-support					install
miscfiles					install
mlocate						install
mobile-broadband-provider-info			install
modemmanager					install
module-init-tools				install
mongodb-org					install
mongodb-org-mongos				install
mongodb-org-server				install
mongodb-org-shell				install
mongodb-org-tools				install
mount						install
mountall					install
mousepad					install
mscompress					install
mtr-tiny					install
mugshot						install
multiarch-support				install
mysql-common					install
nano						install
nautilus-data					install
ncdu						install
ncurses-base					install
ncurses-bin					install
ncurses-term					install
net-tools					install
netbase						install
netcat-openbsd					install
netpbm						install
network-manager					install
network-manager-gnome				install
network-manager-pptp				install
network-manager-pptp-gnome			install
nodejs						install
npm						deinstall
ntfs-3g						install
ntpdate						install
obex-data-server				install
onboard						install
onboard-data					install
oneconf						install
oneconf-common					install
openprinting-ppds				install
openssh-client					install
openssh-server					install
openssh-sftp-server				install
openssl						install
oracle-java7-installer				install
oracle-java7-set-default			install
orage						install
os-prober					install
p11-kit						install
p11-kit-modules:amd64				install
parole						install
parted						install
passwd						install
pastebinit					install
patch						install
patchutils					install
pavucontrol					install
pciutils					install
pcmciautils					install
perl						install
perl-base					install
perl-modules					install
pgadmin3					install
pgadmin3-data					install
pgagent						install
pidgin						install
pidgin-data					install
pidgin-libnotify				install
pidgin-otr					install
pkg-config					install
plymouth					install
plymouth-label					install
plymouth-theme-ubuntu-text			install
plymouth-theme-xubuntu-logo			install
plymouth-theme-xubuntu-text			install
pm-utils					install
po-debconf					install
policykit-1					install
policykit-1-gnome				install
policykit-desktop-privileges			install
poppler-data					install
poppler-utils					install
popularity-contest				install
postfix						install
postgresql					install
postgresql-9.3					install
postgresql-client				install
postgresql-client-9.3				install
postgresql-client-common			install
postgresql-common				install
postgresql-contrib				install
postgresql-contrib-9.3				install
powermgmt-base					install
ppp						install
pppconfig					install
pppoeconf					install
pptp-linux					install
printer-driver-c2esp				install
printer-driver-foo2zjs				install
printer-driver-foo2zjs-common			install
printer-driver-gutenprint			install
printer-driver-hpcups				install
printer-driver-min12xxw				install
printer-driver-pnm2ppa				install
printer-driver-postscript-hp			install
printer-driver-ptouch				install
printer-driver-pxljr				install
printer-driver-sag-gdi				install
printer-driver-splix				install
procps						install
psmisc						install
pulseaudio					install
pulseaudio-module-x11				install
pulseaudio-utils				install
pycharm-community				install
python						install
python-appindicator				install
python-apt					install
python-apt-common				install
python-aptdaemon				install
python-aptdaemon.gtk3widgets			install
python-beautifulsoup				install
python-cairo					install
python-chardet					install
python-chardet-whl				install
python-colorama					install
python-colorama-whl				install
python-commandnotfound				install
python-crypto					install
python-cups					install
python-cupshelpers				install
python-dbus					install
python-dbus-dev					install
python-debian					install
python-debtagshw				install
python-defer					install
python-dev					install
python-dirspec					install
python-distlib					install
python-distlib-whl				install
python-feedparser				install
python-gconf					install
python-gdbm					install
python-gi					install
python-gi-cairo					install
python-glade2					install
python-gnome2					install
python-gnomekeyring				install
python-gobject					install
python-gobject-2				install
python-gtk-vnc					install
python-gtk2					install
python-html2text				install
python-html5lib					install
python-html5lib-whl				install
python-httplib2					install
python-imaging					install
python-keyring					install
python-ldb					install
python-libvirt					install
python-libxml2					install
python-lxml					install
python-magic					install
python-minimal					install
python-notify					install
python-ntdb					install
python-oauth2					install
python-oauthlib					install
python-oneconf					install
python-openssl					install
python-pam					install
python-pexpect					install
python-pil					install
python-pip					install
python-pip-whl					install
python-piston-mini-client			install
python-pkg-resources				install
python-psutil					install
python-pycurl					install
python-pyorbit					install
python-pyside.qtcore				install
python-pyside.qtgui				install
python-pyside.qtnetwork				install
python-pyside.qtwebkit				install
python-pysqlite2				install
python-regex					install
python-renderpm					install
python-reportlab				install
python-reportlab-accel				install
python-requests					install
python-requests-whl				install
python-samba					install
python-secretstorage				install
python-serial					install
python-setuptools				install
python-setuptools-whl				install
python-six					install
python-six-whl					install
python-smbc					install
python-software-properties			install
python-sqlalchemy				install
python-sqlalchemy-ext				install
python-support					install
python-talloc					install
python-tdb					install
python-twisted-bin				install
python-twisted-core				install
python-twisted-web				install
python-ubuntu-sso-client			install
python-unity-singlet				install
python-urlgrabber				install
python-urllib3					install
python-urllib3-whl				install
python-utidylib					install
python-vte					install
python-wheel					install
python-wxgtk2.8					install
python-wxtools					install
python-wxversion				install
python-xapian					install
python-xdg					install
python-zope.interface				install
python2.7					install
python2.7-dev					install
python2.7-minimal				install
python3						install
python3-apport					install
python3-apt					install
python3-aptdaemon				install
python3-aptdaemon.gtk3widgets			install
python3-aptdaemon.pkcompat			install
python3-bs4					install
python3-cairo					install
python3-chardet					install
python3-colorama				install
python3-commandnotfound				install
python3-crypto					install
python3-dbus					install
python3-defer					install
python3-dev					install
python3-distlib					install
python3-distupgrade				install
python3-docutils				install
python3-enchant					install
python3-gdbm:amd64				install
python3-gi					install
python3-gi-cairo				install
python3-html5lib				install
python3-httplib2				install
python3-lxml					install
python3-markdown				install
python3-markups					install
python3-minimal					install
python3-oauthlib				install
python3-oneconf					install
python3-pexpect					install
python3-pil					install
python3-pip					install
python3-piston-mini-client			install
python3-pkg-resources				install
python3-problem-report				install
python3-psutil					install
python3-pycurl					install
python3-pygments				install
python3-pyqt5					install
python3-pyqt5.qtwebkit				install
python3-requests				install
python3-roman					install
python3-setuptools				install
python3-sip					install
python3-six					install
python3-software-properties			install
python3-update-manager				install
python3-urllib3					install
python3-wheel					install
python3-xdg					install
python3-xkit					install
python3.4					install
python3.4-dev					install
python3.4-minimal				install
qdbus						install
qemu-utils					install
qjackctl					install
qpdf						install
qt4-linguist-tools				install
qt4-qmake					install
qtchooser					install
qtcore4-l10n					install
quilt						install
readline-common					install
remarkable					install
rescuetime					install
resolvconf					install
retext						install
rethinkdb					install
rfkill						install
ristretto					install
rlwrap						install
rodeo						install
rsync						install
rsyslog						install
rtkit						install
ruby						install
ruby-dev					install
ruby1.9.1					install
ruby1.9.1-dev					install
samba-common					install
samba-common-bin				install
samba-libs:amd64				install
sane-utils					install
screen						install
sed						install
sensible-utils					install
sessioninstaller				install
sgml-base					install
shared-mime-info				install
sharutils					install
shimmer-themes					install
shutter						deinstall
simple-scan					install
slack-desktop					install
smbclient					install
sni-qt:amd64					install
software-center					install
software-center-aptdaemon-plugins		install
software-properties-common			install
software-properties-gtk				install
sound-theme-freedesktop				install
speech-dispatcher				install
speech-dispatcher-audio-plugins:amd64		install
sqlite3						install
ssh-askpass-gnome				install
ssh-import-id					install
ssl-cert					install
strace						install
sublime-text					deinstall
sublime-text-installer				install
sudo						install
supercollider					install
supercollider-common				install
supercollider-dev				install
supercollider-ide				install
supercollider-language				install
supercollider-server				install
supercollider-supernova				install
system-config-printer-common			install
system-config-printer-gnome			install
system-config-printer-udev			install
system-tools-backends				install
systemd-services				install
systemd-shim					install
sysv-rc						install
sysvinit-utils					install
t1utils						install
tar						install
tcl						install
tcl8.6						install
tcpd						install
tcpdump						install
telnet						install
texinfo						install
thunar						install
thunar-archive-plugin				install
thunar-data					install
thunar-media-tags-plugin			install
thunar-volman					install
thunderbird					install
thunderbird-locale-en				install
thunderbird-locale-en-us			install
time						install
tk						install
tk8.6						install
tmux						install
toshset						install
transmission-common				install
transmission-gtk				install
tree						install
tsconf						install
ttf-indic-fonts-core				install
ttf-punjabi-fonts				install
ttf-ubuntu-font-family				install
tumbler						install
tumbler-common					install
tzdata						install
ubuntu-drivers-common				install
ubuntu-extras-keyring				install
ubuntu-keyring					install
ubuntu-minimal					install
ubuntu-release-upgrader-core			install
ubuntu-release-upgrader-gtk			install
ubuntu-sso-client				install
ubuntu-standard					install
ucf						install
udev						install
udisks2						install
ufw						install
unattended-upgrades				install
unrar						install
unzip						install
update-inetd					install
update-manager					install
update-manager-core				install
update-notifier					install
update-notifier-common				install
upower						install
upstart						install
ureadahead					install
usb-modeswitch					install
usb-modeswitch-data				install
usbmuxd						install
usbutils					install
util-linux					install
uuid-runtime					install
vagrant						install
vbetool						install
vim						install
vim-common					install
vim-runtime					install
vim-tiny					install
virt-manager					install
virtinst					install
virtualbox					install
virtualbox-dkms					install
virtualbox-qt					install
vlc						install
vlc-data					install
vlc-nox						install
vlc-plugin-notify				install
vlc-plugin-pulse				install
wamerican					install
wbritish					install
wget						install
whiptail					install
whoopsie					install
wireless-regdb					install
wireless-tools					install
wkhtmltopdf					install
wpasupplicant					install
wx2.8-doc					install
wx2.8-examples					install
wx2.8-headers					install
wx2.8-i18n					install
x11-apps					install
x11-common					install
x11-session-utils				install
x11-utils					install
x11-xfs-utils					install
x11-xkb-utils					install
x11-xserver-utils				install
x11proto-bigreqs-dev				install
x11proto-composite-dev				install
x11proto-core-dev				install
x11proto-damage-dev				install
x11proto-dmx-dev				install
x11proto-dri2-dev				install
x11proto-dri3-dev				install
x11proto-fixes-dev				install
x11proto-fonts-dev				install
x11proto-gl-dev					install
x11proto-input-dev				install
x11proto-kb-dev					install
x11proto-present-dev				install
x11proto-randr-dev				install
x11proto-record-dev				install
x11proto-render-dev				install
x11proto-resource-dev				install
x11proto-scrnsaver-dev				install
x11proto-video-dev				install
x11proto-xcmisc-dev				install
x11proto-xext-dev				install
x11proto-xf86bigfont-dev			install
x11proto-xf86dga-dev				install
x11proto-xf86dri-dev				install
x11proto-xf86vidmode-dev			install
x11proto-xinerama-dev				install
xauth						install
xaw3dg:amd64					install
xaw3dg-dev:amd64				install
xbitmaps					install
xbrlapi						install
xchat						deinstall
xclip						install
xcursor-themes					install
xdg-user-dirs					install
xdg-user-dirs-gtk				install
xdg-utils					install
xfburn						install
xfce4-appfinder					install
xfce4-cpugraph-plugin				install
xfce4-dict					install
xfce4-indicator-plugin				install
xfce4-mailwatch-plugin				install
xfce4-netload-plugin				install
xfce4-notes					install
xfce4-notes-plugin				install
xfce4-notifyd					install
xfce4-panel					install
xfce4-places-plugin				install
xfce4-power-manager				install
xfce4-power-manager-data			install
xfce4-quicklauncher-plugin			install
xfce4-screenshooter				install
xfce4-session					install
xfce4-settings					install
xfce4-systemload-plugin				install
xfce4-taskmanager				install
xfce4-terminal					install
xfce4-verve-plugin				install
xfce4-volumed					install
xfce4-weather-plugin				install
xfce4-whiskermenu-plugin			install
xfce4-xkb-plugin				install
xfconf						install
xfdesktop4					install
xfdesktop4-data					install
xfonts-base					install
xfonts-encodings				install
xfonts-scalable					install
xfonts-utils					install
xfwm4						install
xinit						install
xinput						install
xkb-data					install
xml-core					install
xorg						install
xorg-dev					install
xorg-docs-core					install
xorg-sgml-doctools				install
xserver-common					install
xserver-xorg-core-lts-utopic			install
xserver-xorg-dev-lts-utopic			install
xserver-xorg-input-all-lts-utopic		install
xserver-xorg-input-evdev-lts-utopic		install
xserver-xorg-input-mouse-lts-utopic		install
xserver-xorg-input-synaptics-lts-utopic		install
xserver-xorg-input-vmmouse-lts-utopic		install
xserver-xorg-input-wacom-lts-utopic		install
xserver-xorg-lts-utopic				install
xserver-xorg-video-all-lts-utopic		install
xserver-xorg-video-ati-lts-utopic		install
xserver-xorg-video-cirrus-lts-utopic		install
xserver-xorg-video-fbdev-lts-utopic		install
xserver-xorg-video-intel-lts-utopic		install
xserver-xorg-video-mach64-lts-utopic		install
xserver-xorg-video-mga-lts-utopic		install
xserver-xorg-video-modesetting-lts-utopic	install
xserver-xorg-video-neomagic-lts-utopic		install
xserver-xorg-video-nouveau-lts-utopic		install
xserver-xorg-video-openchrome-lts-utopic	install
xserver-xorg-video-r128-lts-utopic		install
xserver-xorg-video-radeon-lts-utopic		install
xserver-xorg-video-savage-lts-utopic		install
xserver-xorg-video-siliconmotion-lts-utopic	install
xserver-xorg-video-sisusb-lts-utopic		install
xserver-xorg-video-tdfx-lts-utopic		install
xserver-xorg-video-trident-lts-utopic		install
xserver-xorg-video-vesa-lts-utopic		install
xserver-xorg-video-vmware-lts-utopic		install
xterm						install
xtrans-dev					install
xubuntu-artwork					install
xubuntu-community-wallpapers			install
xubuntu-default-settings			install
xubuntu-desktop					install
xubuntu-docs					install
xubuntu-icon-theme				install
xubuntu-wallpapers				install
xul-ext-ubufox					install
xutils-dev					install
xz-utils					install
yelp						install
yelp-xsl					install
zeal						install
zenity						install
zenity-common					install
zip						install
zlib1g:amd64					install
zlib1g-dev:amd64				install
zsh						install
zsh-common					install
